


ARM Macro Assembler    Page 1 


    1 00000000         ;/******************************************************
                       ********************//**
    2 00000000         ; * @file     startup_LPC17xx.s
    3 00000000         ; * @brief    CMSIS Cortex-M3 Core Device Startup File f
                       or
    4 00000000         ; *           NXP LPC17xx Device Series
    5 00000000         ; * @version  V1.10
    6 00000000         ; * @date     06. April 2011 
    7 00000000         ; *
    8 00000000         ; * @note
    9 00000000         ; * Copyright (C) 2009-2011 ARM Limited. All rights rese
                       rved.
   10 00000000         ; *
   11 00000000         ; * @par
   12 00000000         ; * ARM Limited (ARM) is supplying this software for use
                        with Cortex-M
   13 00000000         ; * processor based microcontrollers.  This file can be 
                       freely distributed
   14 00000000         ; * within development tools that are supporting such AR
                       M based processors.
   15 00000000         ; *
   16 00000000         ; * @par
   17 00000000         ; * THIS SOFTWARE IS PROVIDED "AS IS".  NO WARRANTIES, W
                       HETHER EXPRESS, IMPLIED
   18 00000000         ; * OR STATUTORY, INCLUDING, BUT NOT LIMITED TO, IMPLIED
                        WARRANTIES OF
   19 00000000         ; * MERCHANTABILITY AND FITNESS FOR A PARTICULAR PURPOSE
                        APPLY TO THIS SOFTWARE.
   20 00000000         ; * ARM SHALL NOT, IN ANY CIRCUMSTANCES, BE LIABLE FOR S
                       PECIAL, INCIDENTAL, OR
   21 00000000         ; * CONSEQUENTIAL DAMAGES, FOR ANY REASON WHATSOEVER.
   22 00000000         ; *
   23 00000000         ; ******************************************************
                       ************************/
   24 00000000         
   25 00000000         ; *------- <<< Use Configuration Wizard in Context Menu 
                       >>> ------------------
   26 00000000         
   27 00000000         ; <h> Stack Configuration
   28 00000000         ;   <o> Stack Size (in Bytes) <0x0-0xFFFFFFFF:8>
   29 00000000         ; </h>
   30 00000000         
   31 00000000 00000200 
                       Stack_Size
                               EQU              0x00000200
   32 00000000         
   33 00000000                 AREA             STACK, NOINIT, READWRITE, ALIGN
=3
   34 00000000                 SPACE            Stack_Size/2
   35 00000100         Stack_Mem
                               SPACE            Stack_Size/2
   36 00000200         __initial_sp
   37 00000200         
   38 00000200         
   39 00000200         ; <h> Heap Configuration
   40 00000200         ;   <o>  Heap Size (in Bytes) <0x0-0xFFFFFFFF:8>
   41 00000200         ; </h>
   42 00000200         
   43 00000200 00000200 



ARM Macro Assembler    Page 2 


                       Heap_Size
                               EQU              0x00000200
   44 00000200         
   45 00000200                 AREA             HEAP, NOINIT, READWRITE, ALIGN=
3
   46 00000000         __heap_base
   47 00000000         Heap_Mem
                               SPACE            Heap_Size
   48 00000200         __heap_limit
   49 00000200         
   50 00000200         
   51 00000200                 PRESERVE8
   52 00000200                 THUMB
   53 00000200         
   54 00000200         
   55 00000200         ; Vector Table Mapped to Address 0 at Reset
   56 00000200         
   57 00000200                 AREA             RESET, DATA, READONLY
   58 00000000                 EXPORT           __Vectors
   59 00000000         
   60 00000000 00000000 
                       __Vectors
                               DCD              __initial_sp ; Top of Stack
   61 00000004 00000000        DCD              Reset_Handler ; Reset Handler
   62 00000008 00000000        DCD              NMI_Handler ; NMI Handler
   63 0000000C 00000000        DCD              HardFault_Handler ; Hard Fault 
                                                            Handler
   64 00000010 00000000        DCD              MemManage_Handler 
                                                            ; MPU Fault Handler
                                                            
   65 00000014 00000000        DCD              BusFault_Handler 
                                                            ; Bus Fault Handler
                                                            
   66 00000018 00000000        DCD              UsageFault_Handler ; Usage Faul
                                                            t Handler
   67 0000001C 00000000        DCD              0           ; Reserved
   68 00000020 00000000        DCD              0           ; Reserved
   69 00000024 00000000        DCD              0           ; Reserved
   70 00000028 00000000        DCD              0           ; Reserved
   71 0000002C 00000000        DCD              SVC_Handler ; SVCall Handler
   72 00000030 00000000        DCD              DebugMon_Handler ; Debug Monito
                                                            r Handler
   73 00000034 00000000        DCD              0           ; Reserved
   74 00000038 00000000        DCD              PendSV_Handler ; PendSV Handler
                                                            
   75 0000003C 00000000        DCD              SysTick_Handler 
                                                            ; SysTick Handler
   76 00000040         
   77 00000040         ; External Interrupts
   78 00000040 00000000        DCD              WDT_IRQHandler ; 16: Watchdog T
                                                            imer
   79 00000044 00000000        DCD              TIMER0_IRQHandler ; 17: Timer0
   80 00000048 00000000        DCD              TIMER1_IRQHandler ; 18: Timer1
   81 0000004C 00000000        DCD              TIMER2_IRQHandler ; 19: Timer2
   82 00000050 00000000        DCD              TIMER3_IRQHandler ; 20: Timer3
   83 00000054 00000000        DCD              UART0_IRQHandler ; 21: UART0
   84 00000058 00000000        DCD              UART1_IRQHandler ; 22: UART1
   85 0000005C 00000000        DCD              UART2_IRQHandler ; 23: UART2
   86 00000060 00000000        DCD              UART3_IRQHandler ; 24: UART3



ARM Macro Assembler    Page 3 


   87 00000064 00000000        DCD              PWM1_IRQHandler ; 25: PWM1
   88 00000068 00000000        DCD              I2C0_IRQHandler ; 26: I2C0
   89 0000006C 00000000        DCD              I2C1_IRQHandler ; 27: I2C1
   90 00000070 00000000        DCD              I2C2_IRQHandler ; 28: I2C2
   91 00000074 00000000        DCD              SPI_IRQHandler ; 29: SPI
   92 00000078 00000000        DCD              SSP0_IRQHandler ; 30: SSP0
   93 0000007C 00000000        DCD              SSP1_IRQHandler ; 31: SSP1
   94 00000080 00000000        DCD              PLL0_IRQHandler ; 32: PLL0 Lock
                                                             (Main PLL)
   95 00000084 00000000        DCD              RTC_IRQHandler ; 33: Real Time 
                                                            Clock
   96 00000088 00000000        DCD              EINT0_IRQHandler ; 34: External
                                                             Interrupt 0
   97 0000008C 00000000        DCD              EINT1_IRQHandler ; 35: External
                                                             Interrupt 1
   98 00000090 00000000        DCD              EINT2_IRQHandler ; 36: External
                                                             Interrupt 2
   99 00000094 00000000        DCD              EINT3_IRQHandler ; 37: External
                                                             Interrupt 3
  100 00000098 00000000        DCD              ADC_IRQHandler 
                                                            ; 38: A/D Converter
                                                            
  101 0000009C 00000000        DCD              BOD_IRQHandler ; 39: Brown-Out 
                                                            Detect
  102 000000A0 00000000        DCD              USB_IRQHandler ; 40: USB
  103 000000A4 00000000        DCD              CAN_IRQHandler ; 41: CAN
  104 000000A8 00000000        DCD              DMA_IRQHandler ; 42: General Pu
                                                            rpose DMA
  105 000000AC 00000000        DCD              I2S_IRQHandler ; 43: I2S
  106 000000B0 00000000        DCD              ENET_IRQHandler ; 44: Ethernet
  107 000000B4 00000000        DCD              RIT_IRQHandler ; 45: Repetitive
                                                             Interrupt Timer
  108 000000B8 00000000        DCD              MCPWM_IRQHandler ; 46: Motor Co
                                                            ntrol PWM
  109 000000BC 00000000        DCD              QEI_IRQHandler ; 47: Quadrature
                                                             Encoder Interface
  110 000000C0 00000000        DCD              PLL1_IRQHandler ; 48: PLL1 Lock
                                                             (USB PLL)
  111 000000C4 00000000        DCD              USBActivity_IRQHandler ; 49: US
                                                            B Activity interrup
                                                            t to wakeup
  112 000000C8 00000000        DCD              CANActivity_IRQHandler ; 50: CA
                                                            N Activity interrup
                                                            t to wakeup
  113 000000CC         
  114 000000CC         
  115 000000CC                 IF               :LNOT::DEF:NO_CRP
  116 000000CC                 AREA             |.ARM.__at_0x02FC|, CODE, READO
NLY
  117 00000000 FFFFFFFF 
                       CRP_Key DCD              0xFFFFFFFF
  118 00000004                 ENDIF
  119 00000004         
  120 00000004                 AREA             result, DATA, READWRITE, ALIGN=
2
  121 00000000 00 00 00 
              00 00 00 
              00 00 00 
              00 00 00 



ARM Macro Assembler    Page 4 


              00 00 00 
              00 00 00 
              00 00 00 
              00 00 00 
              00 00 00 
              00 00 00 
              00 00 00 
              00 00 00 
              00 00 00 
              00 00 00 
              00 00 00 
              00 00 00 
              00 00 00 
              00 00 00 
              00 00 00 
              00 00 00 
              00 00 00 
              00 00 00 
              00 00 00 
              00 00 00 
              00 00 00 
              00 00 00 
              00 00 00 
              00 00 00 
              00 00 00 
              00 00 00 
              00 00 00 
              00 00 00 
              00 00 00 
              00 00 00 
              00 00 00 
              00 00 00 
              00 00 00 
              00 00 00 
              00 00 00 
              00 00 00 
              00 00 00 
              00 00 00 
              00 00 00 
              00 00 00 
              00 00 00 
              00 00 00 
              00 00 00 
              00 00 00 
              00 00 00 
              00 00 00 
              00 00 00 
              00 00 00 
              00 00 00 
              00 00 00 
              00 00 00 
              00 00 00 
              00 00 00 
              00 00 00 
              00 00 00 
              00 00 00 
              00 00 00 
              00 00 00 
              00 00 00 



ARM Macro Assembler    Page 5 


              00 00 00 
              00 00 00 
              00 00 00 
              00 00 00 
              00 00 00 
              00 00 00 
              00 00 00 
              00 00 00 
              00 00 00 
              00 00 00 
              00 00 00 
              00 00 00 
              00 00 00 
              00 00 00 
              00 00 00 
              00 00 00 
              00 00 00 
              00 00    Opt_M_Coordinates
                               SPACE            242
  122 000000F2         
  123 000000F2                 AREA             _data, DATA, READONLY, ALIGN=2
  124 00000000         
  125 00000000 FFFFFFFB 
              00000005 
              FFFFFFFC 
              00000005 
              FFFFFFFD 
              00000005 
              FFFFFFFE 
              00000005 
              FFFFFFFF 
              00000005 
              00000000 
              00000005 
              00000001 
              00000005 
              00000002 
              00000005 
              00000003 
              00000005 
              00000004 
              00000005 
              00000005 
              00000005 _Matrix_Coordinates
                               DCD              -5, 5,-4, 5,-3, 5,-2, 5,-1, 5,0
, 5,1, 5,2, 5,3, 5,4, 5,5, 5
  126 00000058 FFFFFFFB 
              00000004 
              FFFFFFFC 
              00000004 
              FFFFFFFD 
              00000004 
              FFFFFFFE 
              00000004 
              FFFFFFFF 
              00000004 
              00000000 
              00000004 
              00000001 



ARM Macro Assembler    Page 6 


              00000004 
              00000002 
              00000004 
              00000003 
              00000004 
              00000004 
              00000004 
              00000005 
              00000004         DCD              -5, 4,-4, 4,-3, 4,-2, 4,-1, 4,0
, 4,1, 4,2, 4,3, 4,4, 4,5, 4
  127 000000B0 FFFFFFFB 
              00000003 
              FFFFFFFC 
              00000003 
              FFFFFFFD 
              00000003 
              FFFFFFFE 
              00000003 
              FFFFFFFF 
              00000003 
              00000000 
              00000003 
              00000001 
              00000003 
              00000002 
              00000003 
              00000003 
              00000003 
              00000004 
              00000003 
              00000005 
              00000003         DCD              -5, 3,-4, 3,-3, 3,-2, 3,-1, 3,0
, 3,1, 3,2, 3,3, 3,4, 3,5, 3
  128 00000108 FFFFFFFB 
              00000002 
              FFFFFFFC 
              00000002 
              FFFFFFFD 
              00000002 
              FFFFFFFE 
              00000002 
              FFFFFFFF 
              00000002 
              00000000 
              00000002 
              00000001 
              00000002 
              00000002 
              00000002 
              00000003 
              00000002 
              00000004 
              00000002 
              00000005 
              00000002         DCD              -5, 2,-4, 2,-3, 2,-2, 2,-1, 2,0
, 2,1, 2,2, 2,3, 2,4, 2,5, 2
  129 00000160 FFFFFFFB 
              00000001 
              FFFFFFFC 



ARM Macro Assembler    Page 7 


              00000001 
              FFFFFFFD 
              00000001 
              FFFFFFFE 
              00000001 
              FFFFFFFF 
              00000001 
              00000000 
              00000001 
              00000001 
              00000001 
              00000002 
              00000001 
              00000003 
              00000001 
              00000004 
              00000001 
              00000005 
              00000001         DCD              -5, 1,-4, 1,-3, 1,-2, 1,-1, 1,0
, 1,1, 1,2, 1,3, 1,4, 1,5, 1
  130 000001B8 FFFFFFFB 
              00000000 
              FFFFFFFC 
              00000000 
              FFFFFFFD 
              00000000 
              FFFFFFFE 
              00000000 
              FFFFFFFF 
              00000000 
              00000000 
              00000000 
              00000001 
              00000000 
              00000002 
              00000000 
              00000003 
              00000000 
              00000004 
              00000000 
              00000005 
              00000000         DCD              -5, 0,-4, 0,-3, 0,-2, 0,-1, 0,0
, 0,1, 0,2, 0,3, 0,4, 0,5, 0
  131 00000210 FFFFFFFB 
              FFFFFFFF 
              FFFFFFFC 
              FFFFFFFF 
              FFFFFFFD 
              FFFFFFFF 
              FFFFFFFE 
              FFFFFFFF 
              FFFFFFFF 
              FFFFFFFF 
              00000000 
              FFFFFFFF 
              00000001 
              FFFFFFFF 
              00000002 
              FFFFFFFF 



ARM Macro Assembler    Page 8 


              00000003 
              FFFFFFFF 
              00000004 
              FFFFFFFF 
              00000005 
              FFFFFFFF         DCD              -5,-1,-4,-1,-3,-1,-2,-1,-1,-1,0
,-1,1,-1,2,-1,3,-1,4,-1,5,-1
  132 00000268 FFFFFFFB 
              FFFFFFFE 
              FFFFFFFC 
              FFFFFFFE 
              FFFFFFFD 
              FFFFFFFE 
              FFFFFFFE 
              FFFFFFFE 
              FFFFFFFF 
              FFFFFFFE 
              00000000 
              FFFFFFFE 
              00000001 
              FFFFFFFE 
              00000002 
              FFFFFFFE 
              00000003 
              FFFFFFFE 
              00000004 
              FFFFFFFE 
              00000005 
              FFFFFFFE         DCD              -5,-2,-4,-2,-3,-2,-2,-2,-1,-2,0
,-2,1,-2,2,-2,3,-2,4,-2,5,-2
  133 000002C0 FFFFFFFB 
              FFFFFFFD 
              FFFFFFFC 
              FFFFFFFD 
              FFFFFFFD 
              FFFFFFFD 
              FFFFFFFE 
              FFFFFFFD 
              FFFFFFFF 
              FFFFFFFD 
              00000000 
              FFFFFFFD 
              00000001 
              FFFFFFFD 
              00000002 
              FFFFFFFD 
              00000003 
              FFFFFFFD 
              00000004 
              FFFFFFFD 
              00000005 
              FFFFFFFD         DCD              -5,-3,-4,-3,-3,-3,-2,-3,-1,-3,0
,-3,1,-3,2,-3,3,-3,4,-3,5,-3
  134 00000318 FFFFFFFB 
              FFFFFFFC 
              FFFFFFFC 
              FFFFFFFC 
              FFFFFFFD 
              FFFFFFFC 



ARM Macro Assembler    Page 9 


              FFFFFFFE 
              FFFFFFFC 
              FFFFFFFF 
              FFFFFFFC 
              00000000 
              FFFFFFFC 
              00000001 
              FFFFFFFC 
              00000002 
              FFFFFFFC 
              00000003 
              FFFFFFFC 
              00000004 
              FFFFFFFC 
              00000005 
              FFFFFFFC         DCD              -5,-4,-4,-4,-3,-4,-2,-4,-1,-4,0
,-4,1,-4,2,-4,3,-4,4,-4,5,-4
  135 00000370 FFFFFFFB 
              FFFFFFFB 
              FFFFFFFC 
              FFFFFFFB 
              FFFFFFFD 
              FFFFFFFB 
              FFFFFFFE 
              FFFFFFFB 
              FFFFFFFF 
              FFFFFFFB 
              00000000 
              FFFFFFFB 
              00000001 
              FFFFFFFB 
              00000002 
              FFFFFFFB 
              00000003 
              FFFFFFFB 
              00000004 
              FFFFFFFB 
              00000005 
              FFFFFFFB         DCD              -5,-5,-4,-5,-3,-5,-2,-5,-1,-5,0
,-5,1,-5,2,-5,3,-5,4,-5,5,-5
  136 000003C8 0B      _ROWS   DCB              11
  137 000003C9 16      _COLUMNS
                               DCB              22
  138 000003CA         
  139 000003CA         
  140 000003CA                 AREA             |.text|, CODE, READONLY
  141 00000000         
  142 00000000         ; Reset Handler
  143 00000000         
  144 00000000         ; definition of symbolic constants
  145 00000000 000000F2 
                       ELEMENTS
                               EQU              242
  146 00000000         
  147 00000000         Reset_Handler
                               PROC
  148 00000000                 EXPORT           Reset_Handler             [WEAK
]
  149 00000000                 EXPORT           _Matrix_Coordinates ;[DATA]



ARM Macro Assembler    Page 10 


  150 00000000                 EXPORT           _ROWS
  151 00000000                 EXPORT           _COLUMNS
  152 00000000         
  153 00000000 F04F 0003       MOV              R0, #3
  154 00000004 F380 8814       MSR              CONTROL, R0
  155 00000008 F8DF D0B4       LDR              SP, =Stack_Mem
  156 0000000C                 IMPORT           main
  157 0000000C 482D            LDR              R0, =main
  158 0000000E 4700            BX               R0
  159 00000010         
  160 00000010 BF00            nop
  161 00000012         
  162 00000012 DFCA            SVC              0xCA
  163 00000014         
  164 00000014                 ENDP
  165 00000014         
  166 00000014         ; Dummy Exception Handlers (infinite loops which can be 
                       modified)
  167 00000014         
  168 00000014         NMI_Handler
                               PROC
  169 00000014                 EXPORT           NMI_Handler               [WEAK
]
  170 00000014 E7FE            B                .
  171 00000016                 ENDP
  173 00000016         HardFault_Handler
                               PROC
  174 00000016                 EXPORT           HardFault_Handler         [WEAK
]
  175 00000016 E7FE            B                .
  176 00000018                 ENDP
  178 00000018         MemManage_Handler
                               PROC
  179 00000018                 EXPORT           MemManage_Handler         [WEAK
]
  180 00000018 E7FE            B                .
  181 0000001A                 ENDP
  183 0000001A         BusFault_Handler
                               PROC
  184 0000001A                 EXPORT           BusFault_Handler          [WEAK
]
  185 0000001A E7FE            B                .
  186 0000001C                 ENDP
  188 0000001C         UsageFault_Handler
                               PROC
  189 0000001C                 EXPORT           UsageFault_Handler        [WEAK
]
  190 0000001C E7FE            B                .
  191 0000001E                 ENDP
  192 0000001E         SVC_Handler
                               PROC
  193 0000001E                 EXPORT           SVC_Handler               [WEAK
]
  194 0000001E         
  195 0000001E         ; save registers
  196 0000001E E92D 5FFF       STMFD            SP!, {R0-R12, LR}
  197 00000022         
  198 00000022 F3EF 8109       MRS              r1, psp
  199 00000026 6988            LDR              r0, [r1, #24]



ARM Macro Assembler    Page 11 


  200 00000028 F850 0C04       LDR              r0, [r0, #-4]
  201 0000002C F020 407F       BIC              r0, #0xFF000000
  202 00000030 EA4F 4010       LSR              r0, #16
  203 00000034         
  204 00000034 28CA            cmp              r0,#0xCA
  205 00000036 D002            beq              svc1
  206 00000038 28FE            cmp              r0, #0xFE
  207 0000003A D024            beq              svc2
  208 0000003C D133            bne              uscita
  209 0000003E         
  210 0000003E         ; compute signature
  211 0000003E EA80 0001 
                       svc1    EOR              R0, R0, R1
  212 00000042 EA80 0002       EOR              R0, R0, R2
  213 00000046 EA80 0003       EOR              R0, R0, R3
  214 0000004A EA80 0004       EOR              R0, R0, R4
  215 0000004E EA80 0005       EOR              R0, R0, R5
  216 00000052 EA80 0006       EOR              R0, R0, R6
  217 00000056 EA80 0007       EOR              R0, R0, R7
  218 0000005A EA80 0008       EOR              R0, R0, R8
  219 0000005E EA80 0009       EOR              R0, R0, R9
  220 00000062 EA80 000A       EOR              R0, R0, R10
  221 00000066 EA80 000B       EOR              R0, R0, R11
  222 0000006A EA80 000C       EOR              R0, R0, R12
  223 0000006E EA80 000E       EOR              R0, R0, LR
  224 00000072 F3EF 8103       MRS              R1, xPSR
  225 00000076 EA80 0001       EOR              R0, R0, R1
  226 0000007A         
  227 0000007A         ; push through psp
  228 0000007A F3EF 8109       MRS              R1, psp
  229 0000007E F101 0120       add              r1,r1,#32
  230 00000082 6008            str              r0, [r1]
  231 00000084 E00F            b                uscita
  232 00000086         
  233 00000086 4810    svc2    LDR              R0, =_Matrix_Coordinates
  234 00000088 4910            LDR              R1, =Opt_M_Coordinates
  235 0000008A F04F 0200       MOV              r2, #0      ;i
  236 0000008E F04F 0300       MOV              r3, #0      ;j
  237 00000092         
  238 00000092 F810 5022 
                       ciclo   LDRB             r5, [r0, r2, lsl #2]
  239 00000096 54CD            STRB             r5, [r1, r3]
  240 00000098 F102 0201       add              r2,r2,#1
  241 0000009C F103 0301       add              r3,r3,#1
  242 000000A0 2AF2            cmp              r2,#ELEMENTS
  243 000000A2 D3F6            blo              ciclo
  244 000000A4 D0FF            beq              uscita
  245 000000A6         
  246 000000A6         ; restore registers
  247 000000A6 E8BD 5FFF 
                       uscita  LDMFD            SP!,{R0-R12, LR}
  248 000000AA 4770            BX               LR
  249 000000AC         
  250 000000AC                 ENDP
  252 000000AC         DebugMon_Handler
                               PROC
  253 000000AC                 EXPORT           DebugMon_Handler          [WEAK
]
  254 000000AC E7FE            B                .



ARM Macro Assembler    Page 12 


  255 000000AE                 ENDP
  256 000000AE         PendSV_Handler
                               PROC
  257 000000AE                 EXPORT           PendSV_Handler            [WEAK
]
  258 000000AE E7FE            B                .
  259 000000B0                 ENDP
  260 000000B0         SysTick_Handler
                               PROC
  261 000000B0                 EXPORT           SysTick_Handler           [WEAK
]
  262 000000B0 E7FE            B                .
  263 000000B2                 ENDP
  264 000000B2         
  265 000000B2         Default_Handler
                               PROC
  266 000000B2         
  267 000000B2                 EXPORT           WDT_IRQHandler            [WEAK
]
  268 000000B2                 EXPORT           TIMER0_IRQHandler         [WEAK
]
  269 000000B2                 EXPORT           TIMER1_IRQHandler         [WEAK
]
  270 000000B2                 EXPORT           TIMER2_IRQHandler         [WEAK
]
  271 000000B2                 EXPORT           TIMER3_IRQHandler         [WEAK
]
  272 000000B2                 EXPORT           UART0_IRQHandler          [WEAK
]
  273 000000B2                 EXPORT           UART1_IRQHandler          [WEAK
]
  274 000000B2                 EXPORT           UART2_IRQHandler          [WEAK
]
  275 000000B2                 EXPORT           UART3_IRQHandler          [WEAK
]
  276 000000B2                 EXPORT           PWM1_IRQHandler           [WEAK
]
  277 000000B2                 EXPORT           I2C0_IRQHandler           [WEAK
]
  278 000000B2                 EXPORT           I2C1_IRQHandler           [WEAK
]
  279 000000B2                 EXPORT           I2C2_IRQHandler           [WEAK
]
  280 000000B2                 EXPORT           SPI_IRQHandler            [WEAK
]
  281 000000B2                 EXPORT           SSP0_IRQHandler           [WEAK
]
  282 000000B2                 EXPORT           SSP1_IRQHandler           [WEAK
]
  283 000000B2                 EXPORT           PLL0_IRQHandler           [WEAK
]
  284 000000B2                 EXPORT           RTC_IRQHandler            [WEAK
]
  285 000000B2                 EXPORT           EINT0_IRQHandler          [WEAK
]
  286 000000B2                 EXPORT           EINT1_IRQHandler          [WEAK
]
  287 000000B2                 EXPORT           EINT2_IRQHandler          [WEAK
]



ARM Macro Assembler    Page 13 


  288 000000B2                 EXPORT           EINT3_IRQHandler          [WEAK
]
  289 000000B2                 EXPORT           ADC_IRQHandler            [WEAK
]
  290 000000B2                 EXPORT           BOD_IRQHandler            [WEAK
]
  291 000000B2                 EXPORT           USB_IRQHandler            [WEAK
]
  292 000000B2                 EXPORT           CAN_IRQHandler            [WEAK
]
  293 000000B2                 EXPORT           DMA_IRQHandler            [WEAK
]
  294 000000B2                 EXPORT           I2S_IRQHandler            [WEAK
]
  295 000000B2                 EXPORT           ENET_IRQHandler           [WEAK
]
  296 000000B2                 EXPORT           RIT_IRQHandler            [WEAK
]
  297 000000B2                 EXPORT           MCPWM_IRQHandler          [WEAK
]
  298 000000B2                 EXPORT           QEI_IRQHandler            [WEAK
]
  299 000000B2                 EXPORT           PLL1_IRQHandler           [WEAK
]
  300 000000B2                 EXPORT           USBActivity_IRQHandler    [WEAK
]
  301 000000B2                 EXPORT           CANActivity_IRQHandler    [WEAK
]
  302 000000B2         
  303 000000B2         WDT_IRQHandler
  304 000000B2         TIMER0_IRQHandler
  305 000000B2         TIMER1_IRQHandler
  306 000000B2         TIMER2_IRQHandler
  307 000000B2         TIMER3_IRQHandler
  308 000000B2         UART0_IRQHandler
  309 000000B2         UART1_IRQHandler
  310 000000B2         UART2_IRQHandler
  311 000000B2         UART3_IRQHandler
  312 000000B2         PWM1_IRQHandler
  313 000000B2         I2C0_IRQHandler
  314 000000B2         I2C1_IRQHandler
  315 000000B2         I2C2_IRQHandler
  316 000000B2         SPI_IRQHandler
  317 000000B2         SSP0_IRQHandler
  318 000000B2         SSP1_IRQHandler
  319 000000B2         PLL0_IRQHandler
  320 000000B2         RTC_IRQHandler
  321 000000B2         EINT0_IRQHandler
  322 000000B2         EINT1_IRQHandler
  323 000000B2         EINT2_IRQHandler
  324 000000B2         EINT3_IRQHandler
  325 000000B2         ADC_IRQHandler
  326 000000B2         BOD_IRQHandler
  327 000000B2         USB_IRQHandler
  328 000000B2         CAN_IRQHandler
  329 000000B2         DMA_IRQHandler
  330 000000B2         I2S_IRQHandler
  331 000000B2         ENET_IRQHandler
  332 000000B2         RIT_IRQHandler



ARM Macro Assembler    Page 14 


  333 000000B2         MCPWM_IRQHandler
  334 000000B2         QEI_IRQHandler
  335 000000B2         PLL1_IRQHandler
  336 000000B2         USBActivity_IRQHandler
  337 000000B2         CANActivity_IRQHandler
  338 000000B2         
  339 000000B2 E7FE            B                .
  340 000000B4         
  341 000000B4                 ENDP
  342 000000B4         
  343 000000B4         
  344 000000B4                 ALIGN
  345 000000B4         
  346 000000B4         
  347 000000B4         ; User Initial Stack & Heap
  348 000000B4         
  349 000000B4                 IF               :DEF:__MICROLIB
  356 000000B4         
  357 000000B4                 IMPORT           __use_two_region_memory
  358 000000B4                 EXPORT           __user_initial_stackheap
  359 000000B4         __user_initial_stackheap
  360 000000B4         
  361 000000B4 4806            LDR              R0, =  Heap_Mem
  362 000000B6 4902            LDR              R1, = Stack_Mem ; Stack_Size/2)
                                                            
  363 000000B8 4A06            LDR              R2, = (Heap_Mem +  Heap_Size)
  364 000000BA 4B07            LDR              R3, = (Stack_Mem + Stack_Size/2
)
  365 000000BC 4770            BX               LR
  366 000000BE         
  367 000000BE 00 00           ALIGN
  368 000000C0         
  369 000000C0                 ENDIF
  370 000000C0         
  371 000000C0         
  372 000000C0                 END
              00000000 
              00000000 
              00000000 
              00000000 
              00000000 
              00000200 
              00000100 
Command Line: --debug --xref --diag_suppress=9931 --cpu=Cortex-M3 --apcs=interw
ork --depend=.\startup_lpc17xx.d -o.\startup_lpc17xx.o -I.\RTE\_Target_1 -IC:\U
sers\ASUS\AppData\Local\Arm\Packs\ARM\CMSIS\5.9.0\CMSIS\Core\Include -IC:\Users
\ASUS\AppData\Local\Arm\Packs\Keil\LPC1700_DFP\2.7.1\Device\Include --predefine
="__EVAL SETA 1" --predefine="__UVISION_VERSION SETA 536" --predefine="_RTE_ SE
TA 1" --predefine="LPC175x_6x SETA 1" --predefine="_RTE_ SETA 1" --list=.\start
up_lpc17xx.lst startup_LPC17xx.s



ARM Macro Assembler    Page 1 Alphabetic symbol ordering
Relocatable symbols

STACK 00000000

Symbol: STACK
   Definitions
      At line 33 in file startup_LPC17xx.s
   Uses
      None
Comment: STACK unused
Stack_Mem 00000100

Symbol: Stack_Mem
   Definitions
      At line 35 in file startup_LPC17xx.s
   Uses
      At line 155 in file startup_LPC17xx.s
      At line 362 in file startup_LPC17xx.s
      At line 364 in file startup_LPC17xx.s

__initial_sp 00000200

Symbol: __initial_sp
   Definitions
      At line 36 in file startup_LPC17xx.s
   Uses
      At line 60 in file startup_LPC17xx.s
Comment: __initial_sp used once
3 symbols



ARM Macro Assembler    Page 1 Alphabetic symbol ordering
Relocatable symbols

HEAP 00000000

Symbol: HEAP
   Definitions
      At line 45 in file startup_LPC17xx.s
   Uses
      None
Comment: HEAP unused
Heap_Mem 00000000

Symbol: Heap_Mem
   Definitions
      At line 47 in file startup_LPC17xx.s
   Uses
      At line 361 in file startup_LPC17xx.s
      At line 363 in file startup_LPC17xx.s

__heap_base 00000000

Symbol: __heap_base
   Definitions
      At line 46 in file startup_LPC17xx.s
   Uses
      None
Comment: __heap_base unused
__heap_limit 00000200

Symbol: __heap_limit
   Definitions
      At line 48 in file startup_LPC17xx.s
   Uses
      None
Comment: __heap_limit unused
4 symbols



ARM Macro Assembler    Page 1 Alphabetic symbol ordering
Relocatable symbols

RESET 00000000

Symbol: RESET
   Definitions
      At line 57 in file startup_LPC17xx.s
   Uses
      None
Comment: RESET unused
__Vectors 00000000

Symbol: __Vectors
   Definitions
      At line 60 in file startup_LPC17xx.s
   Uses
      At line 58 in file startup_LPC17xx.s
Comment: __Vectors used once
2 symbols



ARM Macro Assembler    Page 1 Alphabetic symbol ordering
Relocatable symbols

.ARM.__at_0x02FC 00000000

Symbol: .ARM.__at_0x02FC
   Definitions
      At line 116 in file startup_LPC17xx.s
   Uses
      None
Comment: .ARM.__at_0x02FC unused
CRP_Key 00000000

Symbol: CRP_Key
   Definitions
      At line 117 in file startup_LPC17xx.s
   Uses
      None
Comment: CRP_Key unused
2 symbols



ARM Macro Assembler    Page 1 Alphabetic symbol ordering
Relocatable symbols

Opt_M_Coordinates 00000000

Symbol: Opt_M_Coordinates
   Definitions
      At line 121 in file startup_LPC17xx.s
   Uses
      At line 234 in file startup_LPC17xx.s
Comment: Opt_M_Coordinates used once
result 00000000

Symbol: result
   Definitions
      At line 120 in file startup_LPC17xx.s
   Uses
      None
Comment: result unused
2 symbols



ARM Macro Assembler    Page 1 Alphabetic symbol ordering
Relocatable symbols

_COLUMNS 000003C9

Symbol: _COLUMNS
   Definitions
      At line 137 in file startup_LPC17xx.s
   Uses
      At line 151 in file startup_LPC17xx.s
Comment: _COLUMNS used once
_Matrix_Coordinates 00000000

Symbol: _Matrix_Coordinates
   Definitions
      At line 125 in file startup_LPC17xx.s
   Uses
      At line 149 in file startup_LPC17xx.s
      At line 233 in file startup_LPC17xx.s

_ROWS 000003C8

Symbol: _ROWS
   Definitions
      At line 136 in file startup_LPC17xx.s
   Uses
      At line 150 in file startup_LPC17xx.s
Comment: _ROWS used once
_data 00000000

Symbol: _data
   Definitions
      At line 123 in file startup_LPC17xx.s
   Uses
      None
Comment: _data unused
4 symbols



ARM Macro Assembler    Page 1 Alphabetic symbol ordering
Relocatable symbols

.text 00000000

Symbol: .text
   Definitions
      At line 140 in file startup_LPC17xx.s
   Uses
      None
Comment: .text unused
ADC_IRQHandler 000000B2

Symbol: ADC_IRQHandler
   Definitions
      At line 325 in file startup_LPC17xx.s
   Uses
      At line 100 in file startup_LPC17xx.s
      At line 289 in file startup_LPC17xx.s

BOD_IRQHandler 000000B2

Symbol: BOD_IRQHandler
   Definitions
      At line 326 in file startup_LPC17xx.s
   Uses
      At line 101 in file startup_LPC17xx.s
      At line 290 in file startup_LPC17xx.s

BusFault_Handler 0000001A

Symbol: BusFault_Handler
   Definitions
      At line 183 in file startup_LPC17xx.s
   Uses
      At line 65 in file startup_LPC17xx.s
      At line 184 in file startup_LPC17xx.s

CANActivity_IRQHandler 000000B2

Symbol: CANActivity_IRQHandler
   Definitions
      At line 337 in file startup_LPC17xx.s
   Uses
      At line 112 in file startup_LPC17xx.s
      At line 301 in file startup_LPC17xx.s

CAN_IRQHandler 000000B2

Symbol: CAN_IRQHandler
   Definitions
      At line 328 in file startup_LPC17xx.s
   Uses
      At line 103 in file startup_LPC17xx.s
      At line 292 in file startup_LPC17xx.s

DMA_IRQHandler 000000B2

Symbol: DMA_IRQHandler
   Definitions
      At line 329 in file startup_LPC17xx.s
   Uses



ARM Macro Assembler    Page 2 Alphabetic symbol ordering
Relocatable symbols

      At line 104 in file startup_LPC17xx.s
      At line 293 in file startup_LPC17xx.s

DebugMon_Handler 000000AC

Symbol: DebugMon_Handler
   Definitions
      At line 252 in file startup_LPC17xx.s
   Uses
      At line 72 in file startup_LPC17xx.s
      At line 253 in file startup_LPC17xx.s

Default_Handler 000000B2

Symbol: Default_Handler
   Definitions
      At line 265 in file startup_LPC17xx.s
   Uses
      None
Comment: Default_Handler unused
EINT0_IRQHandler 000000B2

Symbol: EINT0_IRQHandler
   Definitions
      At line 321 in file startup_LPC17xx.s
   Uses
      At line 96 in file startup_LPC17xx.s
      At line 285 in file startup_LPC17xx.s

EINT1_IRQHandler 000000B2

Symbol: EINT1_IRQHandler
   Definitions
      At line 322 in file startup_LPC17xx.s
   Uses
      At line 97 in file startup_LPC17xx.s
      At line 286 in file startup_LPC17xx.s

EINT2_IRQHandler 000000B2

Symbol: EINT2_IRQHandler
   Definitions
      At line 323 in file startup_LPC17xx.s
   Uses
      At line 98 in file startup_LPC17xx.s
      At line 287 in file startup_LPC17xx.s

EINT3_IRQHandler 000000B2

Symbol: EINT3_IRQHandler
   Definitions
      At line 324 in file startup_LPC17xx.s
   Uses
      At line 99 in file startup_LPC17xx.s
      At line 288 in file startup_LPC17xx.s

ENET_IRQHandler 000000B2

Symbol: ENET_IRQHandler



ARM Macro Assembler    Page 3 Alphabetic symbol ordering
Relocatable symbols

   Definitions
      At line 331 in file startup_LPC17xx.s
   Uses
      At line 106 in file startup_LPC17xx.s
      At line 295 in file startup_LPC17xx.s

HardFault_Handler 00000016

Symbol: HardFault_Handler
   Definitions
      At line 173 in file startup_LPC17xx.s
   Uses
      At line 63 in file startup_LPC17xx.s
      At line 174 in file startup_LPC17xx.s

I2C0_IRQHandler 000000B2

Symbol: I2C0_IRQHandler
   Definitions
      At line 313 in file startup_LPC17xx.s
   Uses
      At line 88 in file startup_LPC17xx.s
      At line 277 in file startup_LPC17xx.s

I2C1_IRQHandler 000000B2

Symbol: I2C1_IRQHandler
   Definitions
      At line 314 in file startup_LPC17xx.s
   Uses
      At line 89 in file startup_LPC17xx.s
      At line 278 in file startup_LPC17xx.s

I2C2_IRQHandler 000000B2

Symbol: I2C2_IRQHandler
   Definitions
      At line 315 in file startup_LPC17xx.s
   Uses
      At line 90 in file startup_LPC17xx.s
      At line 279 in file startup_LPC17xx.s

I2S_IRQHandler 000000B2

Symbol: I2S_IRQHandler
   Definitions
      At line 330 in file startup_LPC17xx.s
   Uses
      At line 105 in file startup_LPC17xx.s
      At line 294 in file startup_LPC17xx.s

MCPWM_IRQHandler 000000B2

Symbol: MCPWM_IRQHandler
   Definitions
      At line 333 in file startup_LPC17xx.s
   Uses
      At line 108 in file startup_LPC17xx.s
      At line 297 in file startup_LPC17xx.s



ARM Macro Assembler    Page 4 Alphabetic symbol ordering
Relocatable symbols


MemManage_Handler 00000018

Symbol: MemManage_Handler
   Definitions
      At line 178 in file startup_LPC17xx.s
   Uses
      At line 64 in file startup_LPC17xx.s
      At line 179 in file startup_LPC17xx.s

NMI_Handler 00000014

Symbol: NMI_Handler
   Definitions
      At line 168 in file startup_LPC17xx.s
   Uses
      At line 62 in file startup_LPC17xx.s
      At line 169 in file startup_LPC17xx.s

PLL0_IRQHandler 000000B2

Symbol: PLL0_IRQHandler
   Definitions
      At line 319 in file startup_LPC17xx.s
   Uses
      At line 94 in file startup_LPC17xx.s
      At line 283 in file startup_LPC17xx.s

PLL1_IRQHandler 000000B2

Symbol: PLL1_IRQHandler
   Definitions
      At line 335 in file startup_LPC17xx.s
   Uses
      At line 110 in file startup_LPC17xx.s
      At line 299 in file startup_LPC17xx.s

PWM1_IRQHandler 000000B2

Symbol: PWM1_IRQHandler
   Definitions
      At line 312 in file startup_LPC17xx.s
   Uses
      At line 87 in file startup_LPC17xx.s
      At line 276 in file startup_LPC17xx.s

PendSV_Handler 000000AE

Symbol: PendSV_Handler
   Definitions
      At line 256 in file startup_LPC17xx.s
   Uses
      At line 74 in file startup_LPC17xx.s
      At line 257 in file startup_LPC17xx.s

QEI_IRQHandler 000000B2

Symbol: QEI_IRQHandler
   Definitions



ARM Macro Assembler    Page 5 Alphabetic symbol ordering
Relocatable symbols

      At line 334 in file startup_LPC17xx.s
   Uses
      At line 109 in file startup_LPC17xx.s
      At line 298 in file startup_LPC17xx.s

RIT_IRQHandler 000000B2

Symbol: RIT_IRQHandler
   Definitions
      At line 332 in file startup_LPC17xx.s
   Uses
      At line 107 in file startup_LPC17xx.s
      At line 296 in file startup_LPC17xx.s

RTC_IRQHandler 000000B2

Symbol: RTC_IRQHandler
   Definitions
      At line 320 in file startup_LPC17xx.s
   Uses
      At line 95 in file startup_LPC17xx.s
      At line 284 in file startup_LPC17xx.s

Reset_Handler 00000000

Symbol: Reset_Handler
   Definitions
      At line 147 in file startup_LPC17xx.s
   Uses
      At line 61 in file startup_LPC17xx.s
      At line 148 in file startup_LPC17xx.s

SPI_IRQHandler 000000B2

Symbol: SPI_IRQHandler
   Definitions
      At line 316 in file startup_LPC17xx.s
   Uses
      At line 91 in file startup_LPC17xx.s
      At line 280 in file startup_LPC17xx.s

SSP0_IRQHandler 000000B2

Symbol: SSP0_IRQHandler
   Definitions
      At line 317 in file startup_LPC17xx.s
   Uses
      At line 92 in file startup_LPC17xx.s
      At line 281 in file startup_LPC17xx.s

SSP1_IRQHandler 000000B2

Symbol: SSP1_IRQHandler
   Definitions
      At line 318 in file startup_LPC17xx.s
   Uses
      At line 93 in file startup_LPC17xx.s
      At line 282 in file startup_LPC17xx.s




ARM Macro Assembler    Page 6 Alphabetic symbol ordering
Relocatable symbols

SVC_Handler 0000001E

Symbol: SVC_Handler
   Definitions
      At line 192 in file startup_LPC17xx.s
   Uses
      At line 71 in file startup_LPC17xx.s
      At line 193 in file startup_LPC17xx.s

SysTick_Handler 000000B0

Symbol: SysTick_Handler
   Definitions
      At line 260 in file startup_LPC17xx.s
   Uses
      At line 75 in file startup_LPC17xx.s
      At line 261 in file startup_LPC17xx.s

TIMER0_IRQHandler 000000B2

Symbol: TIMER0_IRQHandler
   Definitions
      At line 304 in file startup_LPC17xx.s
   Uses
      At line 79 in file startup_LPC17xx.s
      At line 268 in file startup_LPC17xx.s

TIMER1_IRQHandler 000000B2

Symbol: TIMER1_IRQHandler
   Definitions
      At line 305 in file startup_LPC17xx.s
   Uses
      At line 80 in file startup_LPC17xx.s
      At line 269 in file startup_LPC17xx.s

TIMER2_IRQHandler 000000B2

Symbol: TIMER2_IRQHandler
   Definitions
      At line 306 in file startup_LPC17xx.s
   Uses
      At line 81 in file startup_LPC17xx.s
      At line 270 in file startup_LPC17xx.s

TIMER3_IRQHandler 000000B2

Symbol: TIMER3_IRQHandler
   Definitions
      At line 307 in file startup_LPC17xx.s
   Uses
      At line 82 in file startup_LPC17xx.s
      At line 271 in file startup_LPC17xx.s

UART0_IRQHandler 000000B2

Symbol: UART0_IRQHandler
   Definitions
      At line 308 in file startup_LPC17xx.s



ARM Macro Assembler    Page 7 Alphabetic symbol ordering
Relocatable symbols

   Uses
      At line 83 in file startup_LPC17xx.s
      At line 272 in file startup_LPC17xx.s

UART1_IRQHandler 000000B2

Symbol: UART1_IRQHandler
   Definitions
      At line 309 in file startup_LPC17xx.s
   Uses
      At line 84 in file startup_LPC17xx.s
      At line 273 in file startup_LPC17xx.s

UART2_IRQHandler 000000B2

Symbol: UART2_IRQHandler
   Definitions
      At line 310 in file startup_LPC17xx.s
   Uses
      At line 85 in file startup_LPC17xx.s
      At line 274 in file startup_LPC17xx.s

UART3_IRQHandler 000000B2

Symbol: UART3_IRQHandler
   Definitions
      At line 311 in file startup_LPC17xx.s
   Uses
      At line 86 in file startup_LPC17xx.s
      At line 275 in file startup_LPC17xx.s

USBActivity_IRQHandler 000000B2

Symbol: USBActivity_IRQHandler
   Definitions
      At line 336 in file startup_LPC17xx.s
   Uses
      At line 111 in file startup_LPC17xx.s
      At line 300 in file startup_LPC17xx.s

USB_IRQHandler 000000B2

Symbol: USB_IRQHandler
   Definitions
      At line 327 in file startup_LPC17xx.s
   Uses
      At line 102 in file startup_LPC17xx.s
      At line 291 in file startup_LPC17xx.s

UsageFault_Handler 0000001C

Symbol: UsageFault_Handler
   Definitions
      At line 188 in file startup_LPC17xx.s
   Uses
      At line 66 in file startup_LPC17xx.s
      At line 189 in file startup_LPC17xx.s

WDT_IRQHandler 000000B2



ARM Macro Assembler    Page 8 Alphabetic symbol ordering
Relocatable symbols


Symbol: WDT_IRQHandler
   Definitions
      At line 303 in file startup_LPC17xx.s
   Uses
      At line 78 in file startup_LPC17xx.s
      At line 267 in file startup_LPC17xx.s

__user_initial_stackheap 000000B4

Symbol: __user_initial_stackheap
   Definitions
      At line 359 in file startup_LPC17xx.s
   Uses
      At line 358 in file startup_LPC17xx.s
Comment: __user_initial_stackheap used once
ciclo 00000092

Symbol: ciclo
   Definitions
      At line 238 in file startup_LPC17xx.s
   Uses
      At line 243 in file startup_LPC17xx.s
Comment: ciclo used once
svc1 0000003E

Symbol: svc1
   Definitions
      At line 211 in file startup_LPC17xx.s
   Uses
      At line 205 in file startup_LPC17xx.s
Comment: svc1 used once
svc2 00000086

Symbol: svc2
   Definitions
      At line 233 in file startup_LPC17xx.s
   Uses
      At line 207 in file startup_LPC17xx.s
Comment: svc2 used once
uscita 000000A6

Symbol: uscita
   Definitions
      At line 247 in file startup_LPC17xx.s
   Uses
      At line 208 in file startup_LPC17xx.s
      At line 231 in file startup_LPC17xx.s
      At line 244 in file startup_LPC17xx.s

52 symbols



ARM Macro Assembler    Page 1 Alphabetic symbol ordering
Absolute symbols

ELEMENTS 000000F2

Symbol: ELEMENTS
   Definitions
      At line 145 in file startup_LPC17xx.s
   Uses
      At line 242 in file startup_LPC17xx.s
Comment: ELEMENTS used once
Heap_Size 00000200

Symbol: Heap_Size
   Definitions
      At line 43 in file startup_LPC17xx.s
   Uses
      At line 47 in file startup_LPC17xx.s
      At line 363 in file startup_LPC17xx.s

Stack_Size 00000200

Symbol: Stack_Size
   Definitions
      At line 31 in file startup_LPC17xx.s
   Uses
      At line 34 in file startup_LPC17xx.s
      At line 35 in file startup_LPC17xx.s
      At line 364 in file startup_LPC17xx.s

3 symbols



ARM Macro Assembler    Page 1 Alphabetic symbol ordering
External symbols

__use_two_region_memory 00000000

Symbol: __use_two_region_memory
   Definitions
      At line 357 in file startup_LPC17xx.s
   Uses
      None
Comment: __use_two_region_memory unused
main 00000000

Symbol: main
   Definitions
      At line 156 in file startup_LPC17xx.s
   Uses
      At line 157 in file startup_LPC17xx.s
Comment: main used once
2 symbols
414 symbols in table
