


ARM Macro Assembler    Page 1 


    1 00000000         ;/******************************************************
                       ********************//**
    2 00000000         ; * @file     startup_LPC17xx.s
    3 00000000         ; * @brief    CMSIS Cortex-M3 Core Device Startup File f
                       or
    4 00000000         ; *           NXP LPC17xx Device Series
    5 00000000         ; * @version  V1.10
    6 00000000         ; * @date     06. April 2011
    7 00000000         ; *
    8 00000000         ; * @note
    9 00000000         ; * Copyright (C) 2009-2011 ARM Limited. All rights rese
                       rved.
   10 00000000         ; *
   11 00000000         ; * @par
   12 00000000         ; * ARM Limited (ARM) is supplying this software for use
                        with Cortex-M
   13 00000000         ; * processor based microcontrollers.  This file can be 
                       freely distributed
   14 00000000         ; * within development tools that are supporting such AR
                       M based processors.
   15 00000000         ; *
   16 00000000         ; * @par
   17 00000000         ; * THIS SOFTWARE IS PROVIDED "AS IS".  NO WARRANTIES, W
                       HETHER EXPRESS, IMPLIED
   18 00000000         ; * OR STATUTORY, INCLUDING, BUT NOT LIMITED TO, IMPLIED
                        WARRANTIES OF
   19 00000000         ; * MERCHANTABILITY AND FITNESS FOR A PARTICULAR PURPOSE
                        APPLY TO THIS SOFTWARE.
   20 00000000         ; * ARM SHALL NOT, IN ANY CIRCUMSTANCES, BE LIABLE FOR S
                       PECIAL, INCIDENTAL, OR
   21 00000000         ; * CONSEQUENTIAL DAMAGES, FOR ANY REASON WHATSOEVER.
   22 00000000         ; *
   23 00000000         ; ******************************************************
                       ************************/
   24 00000000         
   25 00000000         ; *------- <<< Use Configuration Wizard in Context Menu 
                       >>> ------------------
   26 00000000         
   27 00000000         ; <h> Stack Configuration
   28 00000000         ;   <o> Stack Size (in Bytes) <0x0-0xFFFFFFFF:8>
   29 00000000         ; </h>
   30 00000000         
   31 00000000 00000200 
                       Stack_Size
                               EQU              0x00000200
   32 00000000         
   33 00000000                 AREA             STACK, NOINIT, READWRITE, ALIGN
=3
   34 00000000         Stack_Mem
                               SPACE            Stack_Size
   35 00000200         __initial_sp
   36 00000200         
   37 00000200         
   38 00000200         ; <h> Heap Configuration
   39 00000200         ;   <o>  Heap Size (in Bytes) <0x0-0xFFFFFFFF:8>
   40 00000200         ; </h>
   41 00000200         
   42 00000200 00000000 
                       Heap_Size



ARM Macro Assembler    Page 2 


                               EQU              0x00000000
   43 00000200         
   44 00000200                 AREA             HEAP, NOINIT, READWRITE, ALIGN=
3
   45 00000000         __heap_base
   46 00000000         Heap_Mem
                               SPACE            Heap_Size
   47 00000000         __heap_limit
   48 00000000         
   49 00000000         
   50 00000000                 PRESERVE8
   51 00000000                 THUMB
   52 00000000         
   53 00000000         
   54 00000000         ; Vector Table Mapped to Address 0 at Reset
   55 00000000         
   56 00000000                 AREA             RESET, DATA, READONLY
   57 00000000                 EXPORT           __Vectors
   58 00000000         
   59 00000000 00000000 
                       __Vectors
                               DCD              __initial_sp ; Top of Stack
   60 00000004 00000000        DCD              Reset_Handler ; Reset Handler
   61 00000008 00000000        DCD              NMI_Handler ; NMI Handler
   62 0000000C 00000000        DCD              HardFault_Handler ; Hard Fault 
                                                            Handler
   63 00000010 00000000        DCD              MemManage_Handler 
                                                            ; MPU Fault Handler
                                                            
   64 00000014 00000000        DCD              BusFault_Handler 
                                                            ; Bus Fault Handler
                                                            
   65 00000018 00000000        DCD              UsageFault_Handler ; Usage Faul
                                                            t Handler
   66 0000001C 00000000        DCD              0           ; Reserved
   67 00000020 00000000        DCD              0           ; Reserved
   68 00000024 00000000        DCD              0           ; Reserved
   69 00000028 00000000        DCD              0           ; Reserved
   70 0000002C 00000000        DCD              SVC_Handler ; SVCall Handler
   71 00000030 00000000        DCD              DebugMon_Handler ; Debug Monito
                                                            r Handler
   72 00000034 00000000        DCD              0           ; Reserved
   73 00000038 00000000        DCD              PendSV_Handler ; PendSV Handler
                                                            
   74 0000003C 00000000        DCD              SysTick_Handler 
                                                            ; SysTick Handler
   75 00000040         
   76 00000040         ; External Interrupts
   77 00000040 00000000        DCD              WDT_IRQHandler ; 16: Watchdog T
                                                            imer
   78 00000044 00000000        DCD              TIMER0_IRQHandler ; 17: Timer0
   79 00000048 00000000        DCD              TIMER1_IRQHandler ; 18: Timer1
   80 0000004C 00000000        DCD              TIMER2_IRQHandler ; 19: Timer2
   81 00000050 00000000        DCD              TIMER3_IRQHandler ; 20: Timer3
   82 00000054 00000000        DCD              UART0_IRQHandler ; 21: UART0
   83 00000058 00000000        DCD              UART1_IRQHandler ; 22: UART1
   84 0000005C 00000000        DCD              UART2_IRQHandler ; 23: UART2
   85 00000060 00000000        DCD              UART3_IRQHandler ; 24: UART3
   86 00000064 00000000        DCD              PWM1_IRQHandler ; 25: PWM1



ARM Macro Assembler    Page 3 


   87 00000068 00000000        DCD              I2C0_IRQHandler ; 26: I2C0
   88 0000006C 00000000        DCD              I2C1_IRQHandler ; 27: I2C1
   89 00000070 00000000        DCD              I2C2_IRQHandler ; 28: I2C2
   90 00000074 00000000        DCD              SPI_IRQHandler ; 29: SPI
   91 00000078 00000000        DCD              SSP0_IRQHandler ; 30: SSP0
   92 0000007C 00000000        DCD              SSP1_IRQHandler ; 31: SSP1
   93 00000080 00000000        DCD              PLL0_IRQHandler ; 32: PLL0 Lock
                                                             (Main PLL)
   94 00000084 00000000        DCD              RTC_IRQHandler ; 33: Real Time 
                                                            Clock
   95 00000088 00000000        DCD              EINT0_IRQHandler ; 34: External
                                                             Interrupt 0
   96 0000008C 00000000        DCD              EINT1_IRQHandler ; 35: External
                                                             Interrupt 1
   97 00000090 00000000        DCD              EINT2_IRQHandler ; 36: External
                                                             Interrupt 2
   98 00000094 00000000        DCD              EINT3_IRQHandler ; 37: External
                                                             Interrupt 3
   99 00000098 00000000        DCD              ADC_IRQHandler 
                                                            ; 38: A/D Converter
                                                            
  100 0000009C 00000000        DCD              BOD_IRQHandler ; 39: Brown-Out 
                                                            Detect
  101 000000A0 00000000        DCD              USB_IRQHandler ; 40: USB
  102 000000A4 00000000        DCD              CAN_IRQHandler ; 41: CAN
  103 000000A8 00000000        DCD              DMA_IRQHandler ; 42: General Pu
                                                            rpose DMA
  104 000000AC 00000000        DCD              I2S_IRQHandler ; 43: I2S
  105 000000B0 00000000        DCD              ENET_IRQHandler ; 44: Ethernet
  106 000000B4 00000000        DCD              RIT_IRQHandler ; 45: Repetitive
                                                             Interrupt Timer
  107 000000B8 00000000        DCD              MCPWM_IRQHandler ; 46: Motor Co
                                                            ntrol PWM
  108 000000BC 00000000        DCD              QEI_IRQHandler ; 47: Quadrature
                                                             Encoder Interface
  109 000000C0 00000000        DCD              PLL1_IRQHandler ; 48: PLL1 Lock
                                                             (USB PLL)
  110 000000C4 00000000        DCD              USBActivity_IRQHandler ; 49: US
                                                            B Activity interrup
                                                            t to wakeup
  111 000000C8 00000000        DCD              CANActivity_IRQHandler ; 50: CA
                                                            N Activity interrup
                                                            t to wakeup
  112 000000CC         
  113 000000CC         
  114 000000CC                 IF               :LNOT::DEF:NO_CRP
  115 000000CC                 AREA             |.ARM.__at_0x02FC|, CODE, READO
NLY
  116 00000000 FFFFFFFF 
                       CRP_Key DCD              0xFFFFFFFF
  117 00000004                 ENDIF
  118 00000004         
  119 00000004         
  120 00000004                 AREA             |.text|, CODE, READONLY, align=
3
  121 00000000         
  122 00000000         ; definition of symbolic constants
  123 00000000 0000000C 
                       ELEMENTS



ARM Macro Assembler    Page 4 


                               EQU              12
  124 00000000         
  125 00000000         ; Reset Handler
  126 00000000         
  127 00000000         ;Register alias
  128 00000000        0 
                       calories
                               RN               0           ; R0 -> calories
  129 00000000        1 
                       quantity
                               RN               1           ; R1 -> quantity
  130 00000000        3 
                       i       RN               3           ; R3 -> i
  131 00000000        4 
                       j       RN               4           ; R4 -> j
  132 00000000         
  133 00000000         
  134 00000000         Reset_Handler
                               PROC
  135 00000000                 EXPORT           Reset_Handler             [WEAK
]
  136 00000000         
  137 00000000 4829            LDR              calories, =Ingredient_calories
  138 00000002 492A            LDR              quantity, =Ingredient_quantity
  139 00000004 F04F 0300       mov              i, #0
  140 00000008 F04F 0400       mov              j, #0
  141 0000000C         
  142 0000000C         ; your code here     
  143 0000000C 2C0C    ciclo   cmp              j, #ELEMENTS
  144 0000000E D019            beq              end
  145 00000010 F850 5023       LDR              R5, [calories, i, lsl #2]
  146 00000014 F851 6024       LDR              R6, [quantity, j, lsl #2]
  147 00000018 42B5            cmp              R5,R6       ; confronto i codic
                                                            i degli ingredienti
                                                            
  148 0000001A BF18 1CA4       addne            j, j, #2
  149 0000001E D1F5            bne              ciclo       ; se non sono ugual
                                                            i aumento il contat
                                                            ore i di 2
  150 00000020         
  151 00000020 F103 0701       add              R7, i, #1
  152 00000024 F850 7027       LDR              R7, [calories,r7,lsl#2]
  153 00000028 F104 0801       add              r8, j, #1
  154 0000002C F851 8028       LDR              R8, [quantity,r8,lsl#2]
  155 00000030 FB08 F807       mul              R8, R8, R7
  156 00000034 44C3            add              R11, R11, R8
  157 00000036 F103 0302       add              i, i, #2
  158 0000003A 2B0C            cmp              i, #ELEMENTS
  159 0000003C D002            beq              end
  160 0000003E BF18 2400       movne            j, #0
  161 00000042 D3E3            blo              ciclo
  162 00000044         
  163 00000044 4700    end     BX               R0
  164 00000046                 ENDP
  165 00000046         
  166 00000046         ; for(int i=0; i<12; i+2){
  167 00000046         ;     for(int j=0; j<12; j+2){
  168 00000046         ;         if(calories[i]==quantity[j]){
  169 00000046         ;             result+=calories[i+1]*quantity[j+1];



ARM Macro Assembler    Page 5 


  170 00000046         ;         }
  171 00000046         ;     }
  172 00000046         ; }
  173 00000046         
  174 00000046         
  175 00000046         
  176 00000046 00 00 00000001 
              0000001E 
              00000002 
              00000046 
              00000003 
              000000C8 
              00000004 
              0000002A 
              00000005 
              00000051 Ingredient_calories
                               DCD              0x01, 30, 0x02, 70, 0x03, 200, 
0x04, 42, 0x05, 81
  177 00000070 00000006 
              00000014         DCD              0x06, 20
  178 00000078         
  179 00000078 00000002 
              00000032 
              00000005 
              00000003 
              00000003 
              0000000A 
              00000001 
              00000005 
              00000004 Ingredient_quantity
                               DCD              0x02, 50, 0x05, 3, 0x03, 10, 0x
01, 5, 0x04
  180 0000009C 00000008 
              00000006 
              0000001E         DCD              8, 0x06, 30
  181 000000A8         
  182 000000A8         
  183 000000A8 00000000 
              00000000         LTORG
  184 000000B0         
  185 000000B0         ; Dummy Exception Handlers (infinite loops which can be 
                       modified)
  186 000000B0         
  187 000000B0         NMI_Handler
                               PROC
  188 000000B0                 EXPORT           NMI_Handler               [WEAK
]
  189 000000B0 E7FE            B                .
  190 000000B2                 ENDP
  192 000000B2         HardFault_Handler
                               PROC
  193 000000B2                 EXPORT           HardFault_Handler         [WEAK
]
  194 000000B2 E7FE            B                .
  195 000000B4                 ENDP
  197 000000B4         MemManage_Handler
                               PROC
  198 000000B4                 EXPORT           MemManage_Handler         [WEAK
]



ARM Macro Assembler    Page 6 


  199 000000B4 E7FE            B                .
  200 000000B6                 ENDP
  202 000000B6         BusFault_Handler
                               PROC
  203 000000B6                 EXPORT           BusFault_Handler          [WEAK
]
  204 000000B6 E7FE            B                .
  205 000000B8                 ENDP
  207 000000B8         UsageFault_Handler
                               PROC
  208 000000B8                 EXPORT           UsageFault_Handler        [WEAK
]
  209 000000B8 E7FE            B                .
  210 000000BA                 ENDP
  211 000000BA         SVC_Handler
                               PROC
  212 000000BA                 EXPORT           SVC_Handler               [WEAK
]
  213 000000BA E7FE            B                .
  214 000000BC                 ENDP
  216 000000BC         DebugMon_Handler
                               PROC
  217 000000BC                 EXPORT           DebugMon_Handler          [WEAK
]
  218 000000BC E7FE            B                .
  219 000000BE                 ENDP
  220 000000BE         PendSV_Handler
                               PROC
  221 000000BE                 EXPORT           PendSV_Handler            [WEAK
]
  222 000000BE E7FE            B                .
  223 000000C0                 ENDP
  224 000000C0         SysTick_Handler
                               PROC
  225 000000C0                 EXPORT           SysTick_Handler           [WEAK
]
  226 000000C0 E7FE            B                .
  227 000000C2                 ENDP
  228 000000C2         
  229 000000C2         Default_Handler
                               PROC
  230 000000C2         
  231 000000C2                 EXPORT           WDT_IRQHandler            [WEAK
]
  232 000000C2                 EXPORT           TIMER0_IRQHandler         [WEAK
]
  233 000000C2                 EXPORT           TIMER1_IRQHandler         [WEAK
]
  234 000000C2                 EXPORT           TIMER2_IRQHandler         [WEAK
]
  235 000000C2                 EXPORT           TIMER3_IRQHandler         [WEAK
]
  236 000000C2                 EXPORT           UART0_IRQHandler          [WEAK
]
  237 000000C2                 EXPORT           UART1_IRQHandler          [WEAK
]
  238 000000C2                 EXPORT           UART2_IRQHandler          [WEAK
]
  239 000000C2                 EXPORT           UART3_IRQHandler          [WEAK



ARM Macro Assembler    Page 7 


]
  240 000000C2                 EXPORT           PWM1_IRQHandler           [WEAK
]
  241 000000C2                 EXPORT           I2C0_IRQHandler           [WEAK
]
  242 000000C2                 EXPORT           I2C1_IRQHandler           [WEAK
]
  243 000000C2                 EXPORT           I2C2_IRQHandler           [WEAK
]
  244 000000C2                 EXPORT           SPI_IRQHandler            [WEAK
]
  245 000000C2                 EXPORT           SSP0_IRQHandler           [WEAK
]
  246 000000C2                 EXPORT           SSP1_IRQHandler           [WEAK
]
  247 000000C2                 EXPORT           PLL0_IRQHandler           [WEAK
]
  248 000000C2                 EXPORT           RTC_IRQHandler            [WEAK
]
  249 000000C2                 EXPORT           EINT0_IRQHandler          [WEAK
]
  250 000000C2                 EXPORT           EINT1_IRQHandler          [WEAK
]
  251 000000C2                 EXPORT           EINT2_IRQHandler          [WEAK
]
  252 000000C2                 EXPORT           EINT3_IRQHandler          [WEAK
]
  253 000000C2                 EXPORT           ADC_IRQHandler            [WEAK
]
  254 000000C2                 EXPORT           BOD_IRQHandler            [WEAK
]
  255 000000C2                 EXPORT           USB_IRQHandler            [WEAK
]
  256 000000C2                 EXPORT           CAN_IRQHandler            [WEAK
]
  257 000000C2                 EXPORT           DMA_IRQHandler            [WEAK
]
  258 000000C2                 EXPORT           I2S_IRQHandler            [WEAK
]
  259 000000C2                 EXPORT           ENET_IRQHandler           [WEAK
]
  260 000000C2                 EXPORT           RIT_IRQHandler            [WEAK
]
  261 000000C2                 EXPORT           MCPWM_IRQHandler          [WEAK
]
  262 000000C2                 EXPORT           QEI_IRQHandler            [WEAK
]
  263 000000C2                 EXPORT           PLL1_IRQHandler           [WEAK
]
  264 000000C2                 EXPORT           USBActivity_IRQHandler    [WEAK
]
  265 000000C2                 EXPORT           CANActivity_IRQHandler    [WEAK
]
  266 000000C2         
  267 000000C2         WDT_IRQHandler
  268 000000C2         TIMER0_IRQHandler
  269 000000C2         TIMER1_IRQHandler
  270 000000C2         TIMER2_IRQHandler
  271 000000C2         TIMER3_IRQHandler



ARM Macro Assembler    Page 8 


  272 000000C2         UART0_IRQHandler
  273 000000C2         UART1_IRQHandler
  274 000000C2         UART2_IRQHandler
  275 000000C2         UART3_IRQHandler
  276 000000C2         PWM1_IRQHandler
  277 000000C2         I2C0_IRQHandler
  278 000000C2         I2C1_IRQHandler
  279 000000C2         I2C2_IRQHandler
  280 000000C2         SPI_IRQHandler
  281 000000C2         SSP0_IRQHandler
  282 000000C2         SSP1_IRQHandler
  283 000000C2         PLL0_IRQHandler
  284 000000C2         RTC_IRQHandler
  285 000000C2         EINT0_IRQHandler
  286 000000C2         EINT1_IRQHandler
  287 000000C2         EINT2_IRQHandler
  288 000000C2         EINT3_IRQHandler
  289 000000C2         ADC_IRQHandler
  290 000000C2         BOD_IRQHandler
  291 000000C2         USB_IRQHandler
  292 000000C2         CAN_IRQHandler
  293 000000C2         DMA_IRQHandler
  294 000000C2         I2S_IRQHandler
  295 000000C2         ENET_IRQHandler
  296 000000C2         RIT_IRQHandler
  297 000000C2         MCPWM_IRQHandler
  298 000000C2         QEI_IRQHandler
  299 000000C2         PLL1_IRQHandler
  300 000000C2         USBActivity_IRQHandler
  301 000000C2         CANActivity_IRQHandler
  302 000000C2         
  303 000000C2 E7FE            B                .
  304 000000C4         
  305 000000C4                 ENDP
  306 000000C4         
  307 000000C4         
  308 000000C4                 ALIGN
  309 000000C4         
  310 000000C4         
  311 000000C4         ; User Initial Stack & Heap
  312 000000C4         
  313 000000C4                 EXPORT           __initial_sp
  314 000000C4                 EXPORT           __heap_base
  315 000000C4                 EXPORT           __heap_limit
  316 000000C4         
  317 000000C4                 END
Command Line: --debug --xref --diag_suppress=9931 --cpu=Cortex-M3 --apcs=interw
ork --depend=.\startup.d -o.\startup.o -I.\RTE\_Target_1 -IC:\Users\ASUS\AppDat
a\Local\Arm\Packs\ARM\CMSIS\5.9.0\CMSIS\Core\Include -IC:\Users\ASUS\AppData\Lo
cal\Arm\Packs\Keil\LPC1700_DFP\2.7.1\Device\Include --predefine="__EVAL SETA 1"
 --predefine="__UVISION_VERSION SETA 536" --predefine="_RTE_ SETA 1" --predefin
e="LPC175x_6x SETA 1" --predefine="_RTE_ SETA 1" --list=.\startup.lst startup.s



ARM Macro Assembler    Page 1 Alphabetic symbol ordering
Relocatable symbols

STACK 00000000

Symbol: STACK
   Definitions
      At line 33 in file startup.s
   Uses
      None
Comment: STACK unused
Stack_Mem 00000000

Symbol: Stack_Mem
   Definitions
      At line 34 in file startup.s
   Uses
      None
Comment: Stack_Mem unused
__initial_sp 00000200

Symbol: __initial_sp
   Definitions
      At line 35 in file startup.s
   Uses
      At line 59 in file startup.s
      At line 313 in file startup.s

3 symbols



ARM Macro Assembler    Page 1 Alphabetic symbol ordering
Relocatable symbols

HEAP 00000000

Symbol: HEAP
   Definitions
      At line 44 in file startup.s
   Uses
      None
Comment: HEAP unused
Heap_Mem 00000000

Symbol: Heap_Mem
   Definitions
      At line 46 in file startup.s
   Uses
      None
Comment: Heap_Mem unused
__heap_base 00000000

Symbol: __heap_base
   Definitions
      At line 45 in file startup.s
   Uses
      At line 314 in file startup.s
Comment: __heap_base used once
__heap_limit 00000000

Symbol: __heap_limit
   Definitions
      At line 47 in file startup.s
   Uses
      At line 315 in file startup.s
Comment: __heap_limit used once
4 symbols



ARM Macro Assembler    Page 1 Alphabetic symbol ordering
Relocatable symbols

RESET 00000000

Symbol: RESET
   Definitions
      At line 56 in file startup.s
   Uses
      None
Comment: RESET unused
__Vectors 00000000

Symbol: __Vectors
   Definitions
      At line 59 in file startup.s
   Uses
      At line 57 in file startup.s
Comment: __Vectors used once
2 symbols



ARM Macro Assembler    Page 1 Alphabetic symbol ordering
Relocatable symbols

.ARM.__at_0x02FC 00000000

Symbol: .ARM.__at_0x02FC
   Definitions
      At line 115 in file startup.s
   Uses
      None
Comment: .ARM.__at_0x02FC unused
CRP_Key 00000000

Symbol: CRP_Key
   Definitions
      At line 116 in file startup.s
   Uses
      None
Comment: CRP_Key unused
2 symbols



ARM Macro Assembler    Page 1 Alphabetic symbol ordering
Relocatable symbols

.text 00000000

Symbol: .text
   Definitions
      At line 120 in file startup.s
   Uses
      None
Comment: .text unused
ADC_IRQHandler 000000C2

Symbol: ADC_IRQHandler
   Definitions
      At line 289 in file startup.s
   Uses
      At line 99 in file startup.s
      At line 253 in file startup.s

BOD_IRQHandler 000000C2

Symbol: BOD_IRQHandler
   Definitions
      At line 290 in file startup.s
   Uses
      At line 100 in file startup.s
      At line 254 in file startup.s

BusFault_Handler 000000B6

Symbol: BusFault_Handler
   Definitions
      At line 202 in file startup.s
   Uses
      At line 64 in file startup.s
      At line 203 in file startup.s

CANActivity_IRQHandler 000000C2

Symbol: CANActivity_IRQHandler
   Definitions
      At line 301 in file startup.s
   Uses
      At line 111 in file startup.s
      At line 265 in file startup.s

CAN_IRQHandler 000000C2

Symbol: CAN_IRQHandler
   Definitions
      At line 292 in file startup.s
   Uses
      At line 102 in file startup.s
      At line 256 in file startup.s

DMA_IRQHandler 000000C2

Symbol: DMA_IRQHandler
   Definitions
      At line 293 in file startup.s
   Uses



ARM Macro Assembler    Page 2 Alphabetic symbol ordering
Relocatable symbols

      At line 103 in file startup.s
      At line 257 in file startup.s

DebugMon_Handler 000000BC

Symbol: DebugMon_Handler
   Definitions
      At line 216 in file startup.s
   Uses
      At line 71 in file startup.s
      At line 217 in file startup.s

Default_Handler 000000C2

Symbol: Default_Handler
   Definitions
      At line 229 in file startup.s
   Uses
      None
Comment: Default_Handler unused
EINT0_IRQHandler 000000C2

Symbol: EINT0_IRQHandler
   Definitions
      At line 285 in file startup.s
   Uses
      At line 95 in file startup.s
      At line 249 in file startup.s

EINT1_IRQHandler 000000C2

Symbol: EINT1_IRQHandler
   Definitions
      At line 286 in file startup.s
   Uses
      At line 96 in file startup.s
      At line 250 in file startup.s

EINT2_IRQHandler 000000C2

Symbol: EINT2_IRQHandler
   Definitions
      At line 287 in file startup.s
   Uses
      At line 97 in file startup.s
      At line 251 in file startup.s

EINT3_IRQHandler 000000C2

Symbol: EINT3_IRQHandler
   Definitions
      At line 288 in file startup.s
   Uses
      At line 98 in file startup.s
      At line 252 in file startup.s

ENET_IRQHandler 000000C2

Symbol: ENET_IRQHandler



ARM Macro Assembler    Page 3 Alphabetic symbol ordering
Relocatable symbols

   Definitions
      At line 295 in file startup.s
   Uses
      At line 105 in file startup.s
      At line 259 in file startup.s

HardFault_Handler 000000B2

Symbol: HardFault_Handler
   Definitions
      At line 192 in file startup.s
   Uses
      At line 62 in file startup.s
      At line 193 in file startup.s

I2C0_IRQHandler 000000C2

Symbol: I2C0_IRQHandler
   Definitions
      At line 277 in file startup.s
   Uses
      At line 87 in file startup.s
      At line 241 in file startup.s

I2C1_IRQHandler 000000C2

Symbol: I2C1_IRQHandler
   Definitions
      At line 278 in file startup.s
   Uses
      At line 88 in file startup.s
      At line 242 in file startup.s

I2C2_IRQHandler 000000C2

Symbol: I2C2_IRQHandler
   Definitions
      At line 279 in file startup.s
   Uses
      At line 89 in file startup.s
      At line 243 in file startup.s

I2S_IRQHandler 000000C2

Symbol: I2S_IRQHandler
   Definitions
      At line 294 in file startup.s
   Uses
      At line 104 in file startup.s
      At line 258 in file startup.s

Ingredient_calories 00000048

Symbol: Ingredient_calories
   Definitions
      At line 176 in file startup.s
   Uses
      At line 137 in file startup.s
Comment: Ingredient_calories used once



ARM Macro Assembler    Page 4 Alphabetic symbol ordering
Relocatable symbols

Ingredient_quantity 00000078

Symbol: Ingredient_quantity
   Definitions
      At line 179 in file startup.s
   Uses
      At line 138 in file startup.s
Comment: Ingredient_quantity used once
MCPWM_IRQHandler 000000C2

Symbol: MCPWM_IRQHandler
   Definitions
      At line 297 in file startup.s
   Uses
      At line 107 in file startup.s
      At line 261 in file startup.s

MemManage_Handler 000000B4

Symbol: MemManage_Handler
   Definitions
      At line 197 in file startup.s
   Uses
      At line 63 in file startup.s
      At line 198 in file startup.s

NMI_Handler 000000B0

Symbol: NMI_Handler
   Definitions
      At line 187 in file startup.s
   Uses
      At line 61 in file startup.s
      At line 188 in file startup.s

PLL0_IRQHandler 000000C2

Symbol: PLL0_IRQHandler
   Definitions
      At line 283 in file startup.s
   Uses
      At line 93 in file startup.s
      At line 247 in file startup.s

PLL1_IRQHandler 000000C2

Symbol: PLL1_IRQHandler
   Definitions
      At line 299 in file startup.s
   Uses
      At line 109 in file startup.s
      At line 263 in file startup.s

PWM1_IRQHandler 000000C2

Symbol: PWM1_IRQHandler
   Definitions
      At line 276 in file startup.s
   Uses



ARM Macro Assembler    Page 5 Alphabetic symbol ordering
Relocatable symbols

      At line 86 in file startup.s
      At line 240 in file startup.s

PendSV_Handler 000000BE

Symbol: PendSV_Handler
   Definitions
      At line 220 in file startup.s
   Uses
      At line 73 in file startup.s
      At line 221 in file startup.s

QEI_IRQHandler 000000C2

Symbol: QEI_IRQHandler
   Definitions
      At line 298 in file startup.s
   Uses
      At line 108 in file startup.s
      At line 262 in file startup.s

RIT_IRQHandler 000000C2

Symbol: RIT_IRQHandler
   Definitions
      At line 296 in file startup.s
   Uses
      At line 106 in file startup.s
      At line 260 in file startup.s

RTC_IRQHandler 000000C2

Symbol: RTC_IRQHandler
   Definitions
      At line 284 in file startup.s
   Uses
      At line 94 in file startup.s
      At line 248 in file startup.s

Reset_Handler 00000000

Symbol: Reset_Handler
   Definitions
      At line 134 in file startup.s
   Uses
      At line 60 in file startup.s
      At line 135 in file startup.s

SPI_IRQHandler 000000C2

Symbol: SPI_IRQHandler
   Definitions
      At line 280 in file startup.s
   Uses
      At line 90 in file startup.s
      At line 244 in file startup.s

SSP0_IRQHandler 000000C2




ARM Macro Assembler    Page 6 Alphabetic symbol ordering
Relocatable symbols

Symbol: SSP0_IRQHandler
   Definitions
      At line 281 in file startup.s
   Uses
      At line 91 in file startup.s
      At line 245 in file startup.s

SSP1_IRQHandler 000000C2

Symbol: SSP1_IRQHandler
   Definitions
      At line 282 in file startup.s
   Uses
      At line 92 in file startup.s
      At line 246 in file startup.s

SVC_Handler 000000BA

Symbol: SVC_Handler
   Definitions
      At line 211 in file startup.s
   Uses
      At line 70 in file startup.s
      At line 212 in file startup.s

SysTick_Handler 000000C0

Symbol: SysTick_Handler
   Definitions
      At line 224 in file startup.s
   Uses
      At line 74 in file startup.s
      At line 225 in file startup.s

TIMER0_IRQHandler 000000C2

Symbol: TIMER0_IRQHandler
   Definitions
      At line 268 in file startup.s
   Uses
      At line 78 in file startup.s
      At line 232 in file startup.s

TIMER1_IRQHandler 000000C2

Symbol: TIMER1_IRQHandler
   Definitions
      At line 269 in file startup.s
   Uses
      At line 79 in file startup.s
      At line 233 in file startup.s

TIMER2_IRQHandler 000000C2

Symbol: TIMER2_IRQHandler
   Definitions
      At line 270 in file startup.s
   Uses
      At line 80 in file startup.s



ARM Macro Assembler    Page 7 Alphabetic symbol ordering
Relocatable symbols

      At line 234 in file startup.s

TIMER3_IRQHandler 000000C2

Symbol: TIMER3_IRQHandler
   Definitions
      At line 271 in file startup.s
   Uses
      At line 81 in file startup.s
      At line 235 in file startup.s

UART0_IRQHandler 000000C2

Symbol: UART0_IRQHandler
   Definitions
      At line 272 in file startup.s
   Uses
      At line 82 in file startup.s
      At line 236 in file startup.s

UART1_IRQHandler 000000C2

Symbol: UART1_IRQHandler
   Definitions
      At line 273 in file startup.s
   Uses
      At line 83 in file startup.s
      At line 237 in file startup.s

UART2_IRQHandler 000000C2

Symbol: UART2_IRQHandler
   Definitions
      At line 274 in file startup.s
   Uses
      At line 84 in file startup.s
      At line 238 in file startup.s

UART3_IRQHandler 000000C2

Symbol: UART3_IRQHandler
   Definitions
      At line 275 in file startup.s
   Uses
      At line 85 in file startup.s
      At line 239 in file startup.s

USBActivity_IRQHandler 000000C2

Symbol: USBActivity_IRQHandler
   Definitions
      At line 300 in file startup.s
   Uses
      At line 110 in file startup.s
      At line 264 in file startup.s

USB_IRQHandler 000000C2

Symbol: USB_IRQHandler



ARM Macro Assembler    Page 8 Alphabetic symbol ordering
Relocatable symbols

   Definitions
      At line 291 in file startup.s
   Uses
      At line 101 in file startup.s
      At line 255 in file startup.s

UsageFault_Handler 000000B8

Symbol: UsageFault_Handler
   Definitions
      At line 207 in file startup.s
   Uses
      At line 65 in file startup.s
      At line 208 in file startup.s

WDT_IRQHandler 000000C2

Symbol: WDT_IRQHandler
   Definitions
      At line 267 in file startup.s
   Uses
      At line 77 in file startup.s
      At line 231 in file startup.s

ciclo 0000000C

Symbol: ciclo
   Definitions
      At line 143 in file startup.s
   Uses
      At line 149 in file startup.s
      At line 161 in file startup.s

end 00000044

Symbol: end
   Definitions
      At line 163 in file startup.s
   Uses
      At line 144 in file startup.s
      At line 159 in file startup.s

51 symbols



ARM Macro Assembler    Page 1 Alphabetic symbol ordering
Absolute symbols

ELEMENTS 0000000C

Symbol: ELEMENTS
   Definitions
      At line 123 in file startup.s
   Uses
      At line 143 in file startup.s
      At line 158 in file startup.s

Heap_Size 00000000

Symbol: Heap_Size
   Definitions
      At line 42 in file startup.s
   Uses
      At line 46 in file startup.s
Comment: Heap_Size used once
Stack_Size 00000200

Symbol: Stack_Size
   Definitions
      At line 31 in file startup.s
   Uses
      At line 34 in file startup.s
Comment: Stack_Size used once
3 symbols
407 symbols in table
