


ARM Macro Assembler    Page 1 


    1 00000000        0 
                       VETT    RN               0
    2 00000000        1 
                       dim     RN               1
    3 00000000        2 
                       size    RN               2
    4 00000000        3 
                       value   RN               3
    5 00000000        4 
                       offset  RN               4
    6 00000000        5 
                       somma   RN               5
    7 00000000        6 
                       media   RN               6
    8 00000000        7 
                       counter RN               7
    9 00000000                 AREA             asm_function, CODE, READONLY
   10 00000000                 EXPORT           sopra_la_media
   11 00000000         
   12 00000000         sopra_la_media
   13 00000000         ; save current SP for a faster access 
   14 00000000         ; to parameters in the stack
   15 00000000 46EC            MOV              r12, sp
   16 00000002         ; save volatile registers
   17 00000002 E92D 4DF0       STMFD            sp!,{r4-r8,r10-r11,lr}
   18 00000006 F04F 0201       MOV              size, #1
   19 0000000A F04F 0400       MOV              offset, #0
   20 0000000E F04F 0500       MOV              somma, #0
   21 00000012 F04F 0600       MOV              media, #0
   22 00000016 F04F 0700       mov              counter, #0
   23 0000001A FB01 F102       MUL              dim, dim, size
   24 0000001E         
   25 0000001E 5D03    calcola_media
                               LDRB             value, [VETT,offset]
   26 00000020 441D            ADD              somma, somma, value
   27 00000022 4414            ADD              offset, offset, size
   28 00000024 428C            cmp              offset, dim
   29 00000026 D1FA            bne              calcola_media
   30 00000028         
   31 00000028 F04F 0400       mov              offset, #0
   32 0000002C FBB5 F6F1       udiv             media, somma, dim
   33 00000030         
   34 00000030 5D03    conta   LDRB             value, [VETT,offset]
   35 00000032 42B3            cmp              value, media
   36 00000034 BFC8 1C7F       addgt            counter, counter, #1
   37 00000038 4414            ADD              offset, offset, size
   38 0000003A 428C            cmp              offset, dim
   39 0000003C D1F8            bne              conta
   40 0000003E         
   41 0000003E 4638            mov              r0, counter
   42 00000040         ; restore volatile registers
   43 00000040 E8BD 8DF0 
                       fine    LDMFD            sp!,{r4-r8,r10-r11,pc}
   44 00000044         
   45 00000044                 END
Command Line: --debug --xref --diag_suppress=9931 --cpu=Cortex-M3 --apcs=interw
ork --depend=.\asm_function.d -o.\asm_function.o -I.\RTE\_Target_1 -IC:\Users\A
SUS\AppData\Local\Arm\Packs\ARM\CMSIS\5.9.0\CMSIS\Core\Include -IC:\Users\ASUS\
AppData\Local\Arm\Packs\Keil\LPC1700_DFP\2.7.1\Device\Include --predefine="__EV



ARM Macro Assembler    Page 2 


AL SETA 1" --predefine="__UVISION_VERSION SETA 536" --predefine="_RTE_ SETA 1" 
--predefine="LPC175x_6x SETA 1" --predefine="_RTE_ SETA 1" --list=.\asm_functio
n.lst asm_function.s



ARM Macro Assembler    Page 1 Alphabetic symbol ordering
Relocatable symbols

asm_function 00000000

Symbol: asm_function
   Definitions
      At line 9 in file asm_function.s
   Uses
      None
Comment: asm_function unused
calcola_media 0000001E

Symbol: calcola_media
   Definitions
      At line 25 in file asm_function.s
   Uses
      At line 29 in file asm_function.s
Comment: calcola_media used once
conta 00000030

Symbol: conta
   Definitions
      At line 34 in file asm_function.s
   Uses
      At line 39 in file asm_function.s
Comment: conta used once
fine 00000040

Symbol: fine
   Definitions
      At line 43 in file asm_function.s
   Uses
      None
Comment: fine unused
sopra_la_media 00000000

Symbol: sopra_la_media
   Definitions
      At line 12 in file asm_function.s
   Uses
      At line 10 in file asm_function.s
Comment: sopra_la_media used once
5 symbols
347 symbols in table
